<?xml version="1.0" encoding="UTF-8"?>
<testng-results ignored="0" total="2" passed="2" failed="0" skipped="0">
  <reporter-output>
  </reporter-output>
  <suite started-at="2024-04-14T19:06:46 EDT" name="Default suite" finished-at="2024-04-14T19:06:58 EDT" duration-ms="12123">
    <groups>
    </groups>
    <test started-at="2024-04-14T19:06:46 EDT" name="Default test" finished-at="2024-04-14T19:06:58 EDT" duration-ms="12123">
      <class name="Test.TestCases">
        <test-method signature="testSignUpPage()[pri:1, instance:Test.TestCases@5b1669c0]" started-at="2024-04-14T19:06:46 EDT" name="testSignUpPage" finished-at="2024-04-14T19:06:53 EDT" duration-ms="7208" status="PASS">
          <reporter-output>
          </reporter-output>
        </test-method> <!-- testSignUpPage -->
        <test-method signature="testLoginPage()[pri:2, instance:Test.TestCases@5b1669c0]" started-at="2024-04-14T19:06:53 EDT" name="testLoginPage" finished-at="2024-04-14T19:06:58 EDT" duration-ms="4852" status="PASS">
          <reporter-output>
          </reporter-output>
        </test-method> <!-- testLoginPage -->
      </class> <!-- Test.TestCases -->
    </test> <!-- Default test -->
  </suite> <!-- Default suite -->
</testng-results>
